0 verbose cli D:\node\node.exe D:\node\node_modules\npm\bin\npm-cli.js
1 info using npm@10.2.4
2 info using node@v20.11.0
3 timing npm:load:whichnode Completed in 34ms
4 timing config:load:defaults Completed in 18ms
5 timing config:load:file:D:\node\node_modules\npm\npmrc Completed in 93ms
6 timing config:load:builtin Completed in 94ms
7 timing config:load:cli Completed in 17ms
8 timing config:load:env Completed in 2ms
9 timing config:load:project Completed in 2ms
10 timing config:load:file:C:\Users\cvamk\.npmrc Completed in 37ms
11 timing config:load:user Completed in 43ms
12 timing config:load:file:C:\Users\cvamk\npm-global\etc\npmrc Completed in 4ms
13 timing config:load:global Completed in 13ms
14 timing config:load:setEnvs Completed in 22ms
15 timing config:load Completed in 220ms
16 timing npm:load:configload Completed in 222ms
17 timing config:load:flatten Completed in 31ms
18 timing npm:load:mkdirpcache Completed in 12ms
19 timing npm:load:mkdirplogs Completed in 2ms
20 verbose title npm prefix
21 verbose argv "prefix" "--global"
22 timing npm:load:setTitle Completed in 6ms
23 timing npm:load:display Completed in 7ms
24 verbose logfile logs-max:10 dir:D:\lms\_logs\2024-07-17T17_54_44_773Z-
25 verbose logfile D:\lms\_logs\2024-07-17T17_54_44_773Z-debug-0.log
26 timing npm:load:logFile Completed in 221ms
27 timing npm:load:timers Completed in 0ms
28 timing npm:load:configScope Completed in 0ms
29 timing npm:load Completed in 966ms
30 timing command:prefix Completed in 41ms
31 verbose exit 0
32 timing npm Completed in 8219ms
33 info ok
