0 verbose cli D:\node\node.exe D:\node\node_modules\npm\bin\npm-cli.js
1 info using npm@10.2.4
2 info using node@v20.11.0
3 timing npm:load:whichnode Completed in 355ms
4 timing config:load:defaults Completed in 46ms
5 timing config:load:file:D:\node\node_modules\npm\npmrc Completed in 33ms
6 timing config:load:builtin Completed in 33ms
7 timing config:load:cli Completed in 14ms
8 timing config:load:env Completed in 2ms
9 timing config:load:file:C:\Users\cvamk\AppData\Local\Microsoft\TypeScript\5.5\.npmrc Completed in 0ms
10 timing config:load:project Completed in 58ms
11 timing config:load:file:C:\Users\cvamk\.npmrc Completed in 2ms
12 timing config:load:user Completed in 2ms
13 timing config:load:file:C:\Users\cvamk\npm-global\etc\npmrc Completed in 1ms
14 timing config:load:global Completed in 1ms
15 timing config:load:setEnvs Completed in 4ms
16 timing config:load Completed in 161ms
17 timing npm:load:configload Completed in 162ms
18 timing config:load:flatten Completed in 199ms
19 timing npm:load:mkdirpcache Completed in 3ms
20 timing npm:load:mkdirplogs Completed in 1ms
21 verbose title npm install types-registry@latest
22 verbose argv "install" "--ignore-scripts" "types-registry@latest"
23 timing npm:load:setTitle Completed in 101ms
24 timing npm:load:display Completed in 9ms
25 verbose logfile logs-max:10 dir:D:\lms\_logs\2024-07-17T17_55_01_789Z-
26 verbose logfile D:\lms\_logs\2024-07-17T17_55_01_789Z-debug-0.log
27 timing npm:load:logFile Completed in 366ms
28 timing npm:load:timers Completed in 0ms
29 timing npm:load:configScope Completed in 0ms
30 timing npm:load Completed in 1701ms
31 timing arborist:ctor Completed in 3ms
32 silly logfile done cleaning log files
33 timing idealTree:init Completed in 508ms
34 timing arborist:ctor Completed in 1ms
35 http fetch GET 200 https://registry.npmjs.org/types-registry 2284ms (cache miss)
36 timing idealTree:userRequests Completed in 2344ms
37 silly idealTree buildDeps
38 silly fetch manifest types-registry@0.1.685
39 silly placeDep ROOT types-registry@0.1.685 REPLACE for:  want: 0.1.685
40 timing idealTree:#root Completed in 111ms
41 timing idealTree:node_modules/types-registry Completed in 0ms
42 timing idealTree:buildDeps Completed in 275ms
43 timing idealTree:fixDepFlags Completed in 27ms
44 timing idealTree Completed in 3181ms
45 timing reify:loadTrees Completed in 3209ms
46 timing reify:diffTrees Completed in 192ms
47 silly reify moves {}
48 timing reify:retireShallow Completed in 12ms
49 timing reify:createSparse Completed in 0ms
50 timing reify:loadBundles Completed in 0ms
51 silly audit bulk request {
51 silly audit   '@types/basic-auth': [ '1.1.8' ],
51 silly audit   '@types/bcryptjs': [ '2.4.6' ],
51 silly audit   '@types/body-parser': [ '1.19.5' ],
51 silly audit   '@types/busboy': [ '1.5.4' ],
51 silly audit   '@types/concat-stream': [ '2.0.3' ],
51 silly audit   '@types/connect': [ '3.4.38' ],
51 silly audit   '@types/cookie': [ '0.6.0' ],
51 silly audit   '@types/cookie-parser': [ '1.4.7' ],
51 silly audit   '@types/cookie-signature': [ '1.1.2' ],
51 silly audit   '@types/cors': [ '2.8.17' ],
51 silly audit   '@types/d': [ '1.0.4' ],
51 silly audit   '@types/debug': [ '4.1.12' ],
51 silly audit   '@types/depd': [ '1.1.36' ],
51 silly audit   '@types/ee-first': [ '1.1.3' ],
51 silly audit   '@types/eslint': [ '8.56.10' ],
51 silly audit   '@types/estree': [ '1.0.5' ],
51 silly audit   '@types/express': [ '4.17.21' ],
51 silly audit   '@types/express-serve-static-core': [ '4.19.5' ],
51 silly audit   '@types/http-errors': [ '2.0.4' ],
51 silly audit   '@types/ignore-by-default': [ '0.0.0' ],
51 silly audit   '@types/json-schema': [ '7.0.15' ],
51 silly audit   '@types/jsonwebtoken': [ '9.0.6' ],
51 silly audit   '@types/jws': [ '3.2.10' ],
51 silly audit   '@types/lodash': [ '4.17.6' ],
51 silly audit   '@types/lodash.includes': [ '4.3.9' ],
51 silly audit   '@types/lodash.isboolean': [ '3.0.9' ],
51 silly audit   '@types/lodash.isinteger': [ '4.0.9' ],
51 silly audit   '@types/lodash.isnumber': [ '3.0.9' ],
51 silly audit   '@types/lodash.isplainobject': [ '4.0.9' ],
51 silly audit   '@types/lodash.isstring': [ '4.0.9' ],
51 silly audit   '@types/lodash.once': [ '4.1.9' ],
51 silly audit   '@types/merge-descriptors': [ '1.0.3' ],
51 silly audit   '@types/mime': [ '1.3.5' ],
51 silly audit   '@types/morgan': [ '1.9.9' ],
51 silly audit   '@types/ms': [ '0.7.34' ],
51 silly audit   '@types/multer': [ '1.4.11' ],
51 silly audit   '@types/node': [ '20.14.10' ],
51 silly audit   '@types/nodemailer': [ '6.4.15' ],
51 silly audit   '@types/nodemon': [ '1.19.6' ],
51 silly audit   '@types/object-assign': [ '4.0.33' ],
51 silly audit   '@types/on-finished': [ '2.3.4' ],
51 silly audit   '@types/on-headers': [ '1.0.3' ],
51 silly audit   '@types/prop-types': [ '15.7.12' ],
51 silly audit   '@types/qs': [ '6.9.15' ],
51 silly audit   '@types/range-parser': [ '1.2.7' ],
51 silly audit   '@types/react': [ '18.3.3' ],
51 silly audit   '@types/react-dom': [ '18.3.0' ],
51 silly audit   '@types/semver': [ '7.5.8' ],
51 silly audit   '@types/send': [ '0.17.4' ],
51 silly audit   '@types/serve-static': [ '1.15.7' ],
51 silly audit   '@types/supports-color': [ '8.1.3' ],
51 silly audit   '@types/type-is': [ '1.6.6' ],
51 silly audit   '@types/vary': [ '1.1.3' ],
51 silly audit   '@types/xtend': [ '4.0.6' ],
51 silly audit   csstype: [ '3.1.3' ],
51 silly audit   'undici-types': [ '5.26.5' ],
51 silly audit   'types-registry': [ '0.1.685' ]
51 silly audit }
52 timing reify:unpack Completed in 1ms
53 timing reify:unretire Completed in 0ms
54 timing build:queue Completed in 0ms
55 timing build:deps Completed in 0ms
56 timing build Completed in 1ms
57 timing reify:build Completed in 2ms
58 timing reify:trash Completed in 0ms
59 http fetch POST 200 https://registry.npmjs.org/-/npm/v1/security/advisories/bulk 824ms
60 timing auditReport:getReport Completed in 852ms
61 silly audit report {}
62 timing auditReport:init Completed in 0ms
63 timing reify:audit Completed in 952ms
64 timing reify:save Completed in 911ms
65 timing reify Completed in 5050ms
66 timing command:install Completed in 5472ms
67 verbose exit 0
68 timing npm Completed in 47006ms
69 info ok
