0 verbose cli D:\node\node.exe D:\node\node_modules\npm\bin\npm-cli.js
1 info using npm@10.2.4
2 info using node@v20.11.0
3 timing npm:load:whichnode Completed in 3ms
4 timing config:load:defaults Completed in 6ms
5 timing config:load:file:D:\node\node_modules\npm\npmrc Completed in 12ms
6 timing config:load:builtin Completed in 14ms
7 timing config:load:cli Completed in 7ms
8 timing config:load:env Completed in 2ms
9 timing config:load:file:C:\Users\cvamk\AppData\Local\Microsoft\TypeScript\5.5\.npmrc Completed in 0ms
10 timing config:load:project Completed in 3ms
11 timing config:load:file:C:\Users\cvamk\.npmrc Completed in 3ms
12 timing config:load:user Completed in 5ms
13 timing config:load:file:C:\Users\cvamk\npm-global\etc\npmrc Completed in 0ms
14 timing config:load:global Completed in 0ms
15 timing config:load:setEnvs Completed in 6ms
16 timing config:load Completed in 44ms
17 timing npm:load:configload Completed in 45ms
18 timing config:load:flatten Completed in 7ms
19 timing npm:load:mkdirpcache Completed in 1ms
20 timing npm:load:mkdirplogs Completed in 1ms
21 verbose title npm install @types/react@ts5.5 @types/react-dom@ts5.5 @types/eslint@ts5.5
22 verbose argv "install" "--ignore-scripts" "@types/react@ts5.5" "@types/react-dom@ts5.5" "@types/eslint@ts5.5" "--save-dev" "--user-agent" "typesInstaller/5.5.2"
23 timing npm:load:setTitle Completed in 4ms
24 timing npm:load:display Completed in 1ms
25 verbose logfile logs-max:10 dir:D:\lms\_logs\2024-07-17T19_20_21_289Z-
26 verbose logfile D:\lms\_logs\2024-07-17T19_20_21_289Z-debug-0.log
27 timing npm:load:logFile Completed in 64ms
28 timing npm:load:timers Completed in 0ms
29 timing npm:load:configScope Completed in 0ms
30 timing npm:load Completed in 197ms
31 timing arborist:ctor Completed in 3ms
32 silly logfile start cleaning logs, removing 3 files
33 timing idealTree:init Completed in 146ms
34 silly logfile error removing log file D:\lms\_logs\2024-07-17T19_03_20_972Z-debug-0.log [Error: EPERM: operation not permitted, lstat 'D:\lms\_logs\2024-07-17T19_03_20_972Z-debug-0.log'] {
34 silly logfile   errno: -4048,
34 silly logfile   code: 'EPERM',
34 silly logfile   syscall: 'lstat',
34 silly logfile   path: 'D:\\lms\\_logs\\2024-07-17T19_03_20_972Z-debug-0.log'
34 silly logfile }
35 silly logfile done cleaning log files
36 timing arborist:ctor Completed in 0ms
37 http fetch GET 200 https://registry.npmjs.org/@types%2freact 1521ms (cache revalidated)
38 http fetch GET 200 https://registry.npmjs.org/@types%2freact-dom 1525ms (cache revalidated)
39 http fetch GET 200 https://registry.npmjs.org/@types%2feslint 1527ms (cache revalidated)
40 timing idealTree:userRequests Completed in 1592ms
41 silly idealTree buildDeps
42 silly fetch manifest @types/eslint@8.56.10
43 silly fetch manifest @types/react@18.3.3
44 silly fetch manifest @types/react-dom@18.3.0
45 silly placeDep ROOT @types/eslint@8.56.10 REPLACE for:  want: 8.56.10
46 silly placeDep ROOT @types/react@18.3.3 REPLACE for:  want: 18.3.3
47 silly placeDep ROOT @types/react-dom@18.3.0 REPLACE for:  want: 18.3.0
48 timing idealTree:#root Completed in 140ms
49 timing idealTree:node_modules/@types/eslint Completed in 0ms
50 timing idealTree:node_modules/@types/react Completed in 0ms
51 timing idealTree:node_modules/@types/react-dom Completed in 0ms
52 timing idealTree:buildDeps Completed in 147ms
53 timing idealTree:fixDepFlags Completed in 11ms
54 timing idealTree Completed in 1902ms
55 timing reify:loadTrees Completed in 1904ms
56 timing reify:diffTrees Completed in 26ms
57 silly reify moves {}
58 timing reify:retireShallow Completed in 1ms
59 timing reify:createSparse Completed in 0ms
60 timing reify:loadBundles Completed in 0ms
61 silly audit bulk request {
61 silly audit   '@types/basic-auth': [ '1.1.8' ],
61 silly audit   '@types/bcryptjs': [ '2.4.6' ],
61 silly audit   '@types/body-parser': [ '1.19.5' ],
61 silly audit   '@types/busboy': [ '1.5.4' ],
61 silly audit   '@types/concat-stream': [ '2.0.3' ],
61 silly audit   '@types/connect': [ '3.4.38' ],
61 silly audit   '@types/cookie': [ '0.6.0' ],
61 silly audit   '@types/cookie-parser': [ '1.4.7' ],
61 silly audit   '@types/cookie-signature': [ '1.1.2' ],
61 silly audit   '@types/cors': [ '2.8.17' ],
61 silly audit   '@types/d': [ '1.0.4' ],
61 silly audit   '@types/debug': [ '4.1.12' ],
61 silly audit   '@types/depd': [ '1.1.36' ],
61 silly audit   '@types/ee-first': [ '1.1.3' ],
61 silly audit   '@types/estree': [ '1.0.5' ],
61 silly audit   '@types/express': [ '4.17.21' ],
61 silly audit   '@types/express-serve-static-core': [ '4.19.5' ],
61 silly audit   '@types/http-errors': [ '2.0.4' ],
61 silly audit   '@types/ignore-by-default': [ '0.0.0' ],
61 silly audit   '@types/json-schema': [ '7.0.15' ],
61 silly audit   '@types/jsonwebtoken': [ '9.0.6' ],
61 silly audit   '@types/jws': [ '3.2.10' ],
61 silly audit   '@types/lodash': [ '4.17.6' ],
61 silly audit   '@types/lodash.includes': [ '4.3.9' ],
61 silly audit   '@types/lodash.isboolean': [ '3.0.9' ],
61 silly audit   '@types/lodash.isinteger': [ '4.0.9' ],
61 silly audit   '@types/lodash.isnumber': [ '3.0.9' ],
61 silly audit   '@types/lodash.isplainobject': [ '4.0.9' ],
61 silly audit   '@types/lodash.isstring': [ '4.0.9' ],
61 silly audit   '@types/lodash.once': [ '4.1.9' ],
61 silly audit   '@types/merge-descriptors': [ '1.0.3' ],
61 silly audit   '@types/mime': [ '1.3.5' ],
61 silly audit   '@types/morgan': [ '1.9.9' ],
61 silly audit   '@types/ms': [ '0.7.34' ],
61 silly audit   '@types/multer': [ '1.4.11' ],
61 silly audit   '@types/node': [ '20.14.10' ],
61 silly audit   '@types/nodemailer': [ '6.4.15' ],
61 silly audit   '@types/nodemon': [ '1.19.6' ],
61 silly audit   '@types/object-assign': [ '4.0.33' ],
61 silly audit   '@types/on-finished': [ '2.3.4' ],
61 silly audit   '@types/on-headers': [ '1.0.3' ],
61 silly audit   '@types/prop-types': [ '15.7.12' ],
61 silly audit   '@types/qs': [ '6.9.15' ],
61 silly audit   '@types/range-parser': [ '1.2.7' ],
61 silly audit   '@types/semver': [ '7.5.8' ],
61 silly audit   '@types/send': [ '0.17.4' ],
61 silly audit   '@types/serve-static': [ '1.15.7' ],
61 silly audit   '@types/supports-color': [ '8.1.3' ],
61 silly audit   '@types/type-is': [ '1.6.6' ],
61 silly audit   '@types/vary': [ '1.1.3' ],
61 silly audit   '@types/xtend': [ '4.0.6' ],
61 silly audit   csstype: [ '3.1.3' ],
61 silly audit   'types-registry': [ '0.1.685' ],
61 silly audit   'undici-types': [ '5.26.5' ],
61 silly audit   '@types/eslint': [ '8.56.10' ],
61 silly audit   '@types/react': [ '18.3.3' ],
61 silly audit   '@types/react-dom': [ '18.3.0' ]
61 silly audit }
62 timing reify:unpack Completed in 1ms
63 timing reify:unretire Completed in 0ms
64 timing build:queue Completed in 0ms
65 timing build:deps Completed in 1ms
66 timing build Completed in 1ms
67 timing reify:build Completed in 2ms
68 timing reify:trash Completed in 0ms
69 timing reify:save Completed in 190ms
70 http fetch POST 200 https://registry.npmjs.org/-/npm/v1/security/advisories/bulk 491ms
71 timing auditReport:getReport Completed in 498ms
72 silly audit report {}
73 timing auditReport:init Completed in 0ms
74 timing reify:audit Completed in 500ms
75 timing reify Completed in 2448ms
76 timing command:install Completed in 2470ms
77 verbose exit 0
78 timing npm Completed in 3722ms
79 info ok
