0 verbose cli D:\node\node.exe D:\node\node_modules\npm\bin\npm-cli.js
1 info using npm@10.2.4
2 info using node@v20.11.0
3 timing npm:load:whichnode Completed in 212ms
4 timing config:load:defaults Completed in 59ms
5 timing config:load:file:D:\node\node_modules\npm\npmrc Completed in 101ms
6 timing config:load:builtin Completed in 101ms
7 timing config:load:cli Completed in 12ms
8 timing config:load:env Completed in 1ms
9 timing config:load:project Completed in 1ms
10 timing config:load:file:C:\Users\cvamk\.npmrc Completed in 3ms
11 timing config:load:user Completed in 3ms
12 timing config:load:file:C:\Users\cvamk\npm-global\etc\npmrc Completed in 4ms
13 timing config:load:global Completed in 5ms
14 timing config:load:setEnvs Completed in 8ms
15 timing config:load Completed in 194ms
16 timing npm:load:configload Completed in 195ms
17 timing config:load:flatten Completed in 91ms
18 timing npm:load:mkdirpcache Completed in 4ms
19 timing npm:load:mkdirplogs Completed in 1ms
20 verbose title npm prefix
21 verbose argv "prefix" "--global"
22 timing npm:load:setTitle Completed in 5ms
23 timing npm:load:display Completed in 2ms
24 verbose logfile logs-max:10 dir:D:\lms\_logs\2024-07-17T18_13_38_510Z-
25 verbose logfile D:\lms\_logs\2024-07-17T18_13_38_510Z-debug-0.log
26 timing npm:load:logFile Completed in 185ms
27 timing npm:load:timers Completed in 0ms
28 timing npm:load:configScope Completed in 0ms
29 timing npm:load Completed in 1061ms
30 timing command:prefix Completed in 41ms
31 verbose exit 0
32 timing npm Completed in 2574ms
33 info ok
